<?xml version="1.0" encoding="UTF-8"?>
<!-- Generated by org.testng.reporters.JUnitReportReporter -->
<testsuite skipped="0" hostname="CPX-XIQG2I54UFP" name="com.accenture.TestCalculatorF.TestCalculadora" tests="1" failures="0" timestamp="11 jul 2018 16:25:51 GMT" time="53.624" errors="0">
  <testcase name="mytest" time="53.624" classname="com.accenture.TestCalculatorF.TestCalculadora"/>
</testsuite> <!-- com.accenture.TestCalculatorF.TestCalculadora -->
